<?xml version="1.0" encoding="UTF-8"?>
<!-- Generated by org.testng.reporters.JUnitReportReporter -->
<testsuite hostname="LAPTOP-ALTP8E0H" failures="0" tests="6" name="com.simpleannotation.Group" time="0.011" errors="0" timestamp="2025-03-29T16:49:53 IST" skipped="0">
  <testcase classname="com.simpleannotation.Group" name="Lenovo" time="0.001"/>
  <testcase classname="com.simpleannotation.Group" name="google" time="0.006"/>
  <testcase classname="com.simpleannotation.Group" name="samsung" time="0.001"/>
  <testcase classname="com.simpleannotation.Group" name="nokia" time="0.002"/>
  <testcase classname="com.simpleannotation.Group" name="hp" time="0.001"/>
  <testcase classname="com.simpleannotation.Group" name="dell" time="0.000"/>
</testsuite> <!-- com.simpleannotation.Group -->
