<?xml version="1.0" encoding="UTF-8"?>
<!-- Generated by org.testng.reporters.JUnitReportReporter -->
<testsuite hostname="LAPTOP-ALTP8E0H" failures="0" tests="4" name="com.simpleannotation.Ignore" time="0.008" errors="0" timestamp="2025-01-24T07:02:50 IST" skipped="1">
  <testcase classname="com.simpleannotation.Ignore" name="adpopup" time="0.006"/>
  <testcase classname="com.simpleannotation.Ignore" name="mobile" time="0.001"/>
  <testcase classname="com.simpleannotation.Ignore" name="Iphone" time="0.001"/>
  <testcase classname="com.simpleannotation.Ignore" name="urllaunch">
    <skipped/>
  </testcase> <!-- urllaunch -->
</testsuite> <!-- com.simpleannotation.Ignore -->
