<?xml version="1.0" encoding="UTF-8"?>
<!-- Generated by org.testng.reporters.JUnitReportReporter -->
<testsuite hostname="LAPTOP-ALTP8E0H" failures="0" tests="1" name="com.simpleannotation.Parameter" time="2.987" errors="0" timestamp="2025-01-25T08:42:24 IST" skipped="0">
  <testcase classname="com.simpleannotation.Parameter" name="Credentials" time="2.987"/>
</testsuite> <!-- com.simpleannotation.Parameter -->
