<?xml version="1.0" encoding="UTF-8"?>
<!-- Generated by org.testng.reporters.JUnitReportReporter -->
<testsuite hostname="LAPTOP-ALTP8E0H" failures="0" tests="1" name="com.simpleannotation.STCMJava" time="0.005" errors="0" timestamp="2025-01-22T08:12:59 IST" skipped="0">
  <testcase classname="com.simpleannotation.STCMJava" name="buy" time="0.005"/>
</testsuite> <!-- com.simpleannotation.STCMJava -->
